<?xml version="1.0" encoding="UTF-8"?>
<!-- Generated by org.testng.reporters.JUnitReportReporter -->
<testsuite skipped="0" hostname="LAPTOP-T2D0RNDH" name="com.nopcommerce.qa.testpages.HomePageTest" tests="3" failures="0" timestamp="21 Apr 2019 07:09:55 GMT" time="56.830" errors="0">
  <testcase name="verufyUrlLogo" time="12.992" classname="com.nopcommerce.qa.testpages.HomePageTest"/>
  <testcase name="verifyPageTitleTest" time="8.951" classname="com.nopcommerce.qa.testpages.HomePageTest"/>
  <testcase name="verifyclickOnComputerLinkTest" time="34.887" classname="com.nopcommerce.qa.testpages.HomePageTest"/>
</testsuite> <!-- com.nopcommerce.qa.testpages.HomePageTest -->
